Time=Wed Jun 23 15:50:03 1999
Using engine id 'win32mmf -eocr32le.exe' from dir 'D:\ISTech\OCR'
Time=Wed Jun 23 15:50:04 1999
Setting lang=0
Time=Wed Jun 23 15:50:06 1999
Raw text line is <
>
Time=Wed Jun 23 15:50:06 1999
Raw text line is <›m›11 C›3m›68;56;1964;228ssicycleB4vys.com›m
>
Time=Wed Jun 23 15:50:06 1999
Raw text line is <›3m›13 C›1m›68;352;300;156s165 ›m›452;356;496;152sRoute ›1040;348;300;156s110›m
>
Time=Wed Jun 23 15:50:06 1999
Raw text line is <›m›13 C›64;652;956;188sHuntington ›1096;644;664;188sStation, ›1m›1844;648;240;148sNY ›2164;644;524;156s11746 ›2908;652;352;156sTJSA›m
>
Time=Wed Jun 23 15:50:06 1999
Raw text line is <›1m›10 C›m›72;968;496;132sPhone- ›644;964;396;164s(516) ›1104;968;268;128s673 ›1440;964;352;128s2211 ›1920;968;300;128sFax: ›2296;960;396;168s(516) ›2756;964;264;128s673 ›3088;968;352;128s2220›m
>
Time=Wed Jun 23 15:50:07 1999
Raw text line is <
>
Time=Wed Jun 23 15:50:07 1999
Raw text line is <›m›11 C›52;48;264;132sBill ›384;44;264;136sTo:›m
>
Time=Wed Jun 23 15:50:09 1999
Raw text line is <
>
Time=Wed Jun 23 15:50:09 1999
Raw text line is <›m›11 C›3m›64;48;476;140sDavid ›648;44;392;176sIlgas›m
>
Time=Wed Jun 23 15:50:09 1999
Raw text line is <›3m›11 C›68;320;396;136s6320 ›528;316;876;172sStoneridge ›1468;312;336;136sMall ›1852;312;240;136sRd ›2136;312;280;168sApt ›2472;312;408;136sF213›m
>
Time=Wed Jun 23 15:50:09 1999
Raw text line is <›3m›11 C›68;588;936;160sPleasanton, ›1092;580;236;144sCA ›1452;580;560;140s94588-›m
>
Time=Wed Jun 23 15:50:09 1999
Raw text line is <›3m›11 C›76;856;348;140sUSA›m
>
Time=Wed Jun 23 15:50:11 1999
Raw text line is <
>
Time=Wed Jun 23 15:50:11 1999
Raw text line is <›m›11 C›56;52;384;172sShip ›500;56;264;136sTo:›m
>
Time=Wed Jun 23 15:50:11 1999
Raw text line is <›m›11 C›3m›60;396;408;172sKelly ›520;392;732;140sDidonato›m
>
Time=Wed Jun 23 15:50:11 1999
Raw text line is <›3m›11 C›84;664;480;136s10828 ›632;664;404;136sWest ›1096;664;600;172sMorgan ›1804;668;280;164sApt ›2140;668;588;132sN2-114›m
>
Time=Wed Jun 23 15:50:11 1999
Raw text line is <›3m›11 C›76;932;408;136sWest ›528;932;360;160sAllis, ›980;932;212;136sWI ›1304;932;552;136s53228-›m
>
Time=Wed Jun 23 15:50:11 1999
Raw text line is <›3m›11 C›76;1200;348;136sUSA›m
>
Time=Wed Jun 23 15:50:12 1999
Raw text line is <
>
Time=Wed Jun 23 15:50:12 1999
Raw text line is <›m›8 C›56;52;532;132sihfli6gng›m
>
Time=Wed Jun 23 15:50:12 1999
Raw text line is <
>
Time=Wed Jun 23 15:50:12 1999
Raw text line is <›m›11 C›3m›44;52;328;140sSku›m
>
Time=Wed Jun 23 15:50:13 1999
Raw text line is <
>
Time=Wed Jun 23 15:50:13 1999
Raw text line is <›m›11 C›3m›48;52;696;136sProduct ›800;52;492;132sName›m
>
Time=Wed Jun 23 15:50:14 1999
Raw text line is <
>
Time=Wed Jun 23 15:50:14 1999
Raw text line is <›m›8 C›48;132;216;100sIron ›320;132;344;100sHorse ›712;128;516;128sFlagstaff ›1272;124;348;104s16.5in ›1m›1668;124;280;104sJade ›m›1992;124;356;104sGreen ›2436;124;168;104s'99›m
>
Time=Wed Jun 23 15:50:16 1999
Raw text line is <
>
Time=Wed Jun 23 15:50:16 1999
Raw text line is <›m›8 C›52;60;672;124sSpecialized ›776;56;228;104sSub ›1048;56;268;100sZero ›1368;56;460;100sMedium ›1876;52;436;128sOrange ›2360;52;620;104sHeimet'98›m
>
Time=Wed Jun 23 15:50:18 1999
Raw text line is <
>
Time=Wed Jun 23 15:50:18 1999
Raw text line is <›m›10 C›3m›60;52;2092;172sTitankyouforplacingyour ›2196;48;412;128sorder ›2660;48;304;128swith ›3032;88;192;88sus. ›3328;48;252;128sLet ›3632;84;160;88sus ›3844;44;400;128sknow ›4292;44;312;128show›m
>
Time=Wed Jun 23 15:50:18 1999
Raw text line is <›3m›10 C›56;308;192;88swe ›292;268;824;164sservedyou, ›1244;260;1696;168sinfo(i@,bicyclebuyscom›m
>
Time=Wed Jun 23 15:50:19 1999
Raw text line is <
>
Time=Wed Jun 23 15:50:19 1999
Raw text line is <›m›11 C›3m›40;60;744;176sQuantity ›872;60;352;140sUnit ›1272;60;440;140sPrice ›1764;64;784;136sDiscount ›2596;64;368;136sLine ›3036;64;424;140sTotal›m
>
Time=Wed Jun 23 15:50:19 1999
Raw text line is <                  ›3m›8 C›m›1216;364;472;116s$299.95›m                  ›m›8 C›1m›2940;396;472;116s$299.95›m
>
Time=Wed Jun 23 15:50:20 1999
Raw text line is <
>
Time=Wed Jun 23 15:50:20 1999
Raw text line is <     ›m›10 C›380;20;44;100sI›m
>
Time=Wed Jun 23 15:50:20 1999
Raw text line is <
>
Time=Wed Jun 23 15:50:20 1999
Raw text line is <     ›m›10 C›380;264;44;104sI›m
>
Time=Wed Jun 23 15:50:21 1999
Raw text line is <
>
Time=Wed Jun 23 15:50:21 1999
Raw text line is <›m›8 C›48;44;400;120s$37.99›m
>
Time=Wed Jun 23 15:50:22 1999
Raw text line is <
>
Time=Wed Jun 23 15:50:22 1999
Raw text line is <›m›10 C›60;48;644;128sSubtotal›m
>
Time=Wed Jun 23 15:50:22 1999
Raw text line is <
>
Time=Wed Jun 23 15:50:22 1999
Raw text line is <›m›10 C›64;344;1116;160sFreightCharge›m
>
Time=Wed Jun 23 15:50:22 1999
Raw text line is <
>
Time=Wed Jun 23 15:50:22 1999
Raw text line is <›m›10 C›64;644;416;124sSales ›536;644;276;124sTax›m
>
Time=Wed Jun 23 15:50:22 1999
Raw text line is <
>
Time=Wed Jun 23 15:50:22 1999
Raw text line is <›m›10 C›64;944;444;124sOrder ›556;944;388;124sTotal›m
>
Time=Wed Jun 23 15:50:22 1999
Raw text line is <
>
Time=Wed Jun 23 15:50:22 1999
Raw text line is <›m›10 C›64;1244;384;124sTotal ›512;1244;676;156sPayment›m
>
Time=Wed Jun 23 15:50:22 1999
Raw text line is <
>
Time=Wed Jun 23 15:50:22 1999
Raw text line is <›m›10 C›64;1544;388;120sTotal ›516;1544;296;120sDue›m
>
Time=Wed Jun 23 15:50:23 1999
Raw text line is <
>
Time=Wed Jun 23 15:50:23 1999
Raw text line is <›m›9 C›56;36;368;104s0.00%›m
>
Time=Wed Jun 23 15:50:24 1999
Raw text line is <
>
Time=Wed Jun 23 15:50:24 1999
Raw text line is <   ›m›8 C›136;44;392;120s$37.99›m
>
Time=Wed Jun 23 15:50:24 1999
Raw text line is <
>
Time=Wed Jun 23 15:50:24 1999
Raw text line is < ›m›8 C›3m›52;304;472;112s$337.94›m
>
Time=Wed Jun 23 15:50:24 1999
Raw text line is <
>
Time=Wed Jun 23 15:50:24 1999
Raw text line is <
>
Time=Wed Jun 23 15:50:24 1999
Raw text line is <  ›3m›8 C›m›128;604;400;112s$18.00›m
>
Time=Wed Jun 23 15:50:24 1999
Raw text line is <
>
Time=Wed Jun 23 15:50:24 1999
Raw text line is <    ›m›8 C›204;900;328;112s$0.00›m
>
Time=Wed Jun 23 15:50:24 1999
Raw text line is <
>
Time=Wed Jun 23 15:50:24 1999
Raw text line is <
>
Time=Wed Jun 23 15:50:24 1999
Raw text line is < ›m›8 C›3m›56;1200;472;112s$355.94›m
>
Time=Wed Jun 23 15:50:24 1999
Raw text line is <
>
Time=Wed Jun 23 15:50:24 1999
Raw text line is < ›3m›8 C›60;1496;468;112s$355.94›m
>
Time=Wed Jun 23 15:50:24 1999
Raw text line is <
>
Time=Wed Jun 23 15:50:24 1999
Raw text line is <
>
Time=Wed Jun 23 15:50:24 1999
Raw text line is <    ›3m›8 C›m›208;1800;328;108s$0.00›m
>
Time=Wed Jun 23 15:50:25 1999
Raw text line is <
>
Time=Wed Jun 23 15:50:25 1999
Raw text line is <›m›9 C›3m›56;52;848;140sWednesday, ›960;52;352;108sJune ›1364;48;580;132s23,1999›m
>
Time=Wed Jun 23 15:50:26 1999
Raw text line is <
>
Time=Wed Jun 23 15:50:26 1999
Raw text line is <›m›9 C›3m›44;56;352;140sPage ›448;56;56;112sI ›568;56;148;112sof ›756;56;52;112sI›m
>
Time=Wed Jun 23 15:50:26 1999
OCR of doc successful, returning 0 at Wed Jun 23 15:50:26 1999
Time=Sat Oct 30 10:45:12 1999
Using engine id 'win32mmf -eocr32le.exe' from dir 'D:\ISTech\OCR'
Time=Sat Oct 30 10:45:13 1999
Setting lang=0
Time=Sat Oct 30 10:45:14 1999
Raw text line is <
>
Time=Sat Oct 30 10:45:14 1999
Raw text line is <›m›10 C›12;20;868;136sUntitled›m
>
Time=Sat Oct 30 10:45:18 1999
Raw text line is <
>
Time=Sat Oct 30 10:45:18 1999
Raw text line is <›m›10 C›16;44;1200;164sExpressions ›1360;40;312;124sfor ›1804;72;88;88sa ›2028;32;980;128sStressful ›3140;28;320;156sday›m
>
Time=Sat Oct 30 10:45:18 1999
Raw text line is <›m›10 C›20;468;92;96s>›m ›m›10 C›244;464;92;96s>›m ›m›10 C›468;464;200;96s>>›m   ›m›10 C›1032;440;164;124s1.›m   ›m›10 C›1572;432;512;144sWell, ›2252;428;644;128saren't ›3024;460;208;88swe ›3368;420;412;160sjust ›3912;452;84;84sa ›4140;440;320;128sray ›4584;404;212;128sof ›4932;396;752;152sfucking ›5824;380;956;136ssunshine?›m
>
Time=Sat Oct 30 10:45:18 1999
Raw text line is <›m›10 C›20;664;96;96s>›m ›m›10 C›248;660;88;96s>›m ›m›10 C›468;660;200;96s>>›m   ›m›10 C›1028;636;168;124s2.›m   ›m›10 C›1576;636;320;120sNot ›2032;628;312;124sthe ›2468;620;984;160sbrightest ›3588;644;644;124scrayon ›4364;600;204;128sin ›4700;600;316;128sthe ›5140;596;320;124sbox ›5592;620;388;112snow, ›6148;616;312;92sare ›6584;580;312;120swe?›m
>
Time=Sat Oct 30 10:45:18 1999
Raw text line is <›m›10 C›24;864;92;96s>›m ›m›10 C›248;860;92;96s>›m ›m›10 C›468;856;204;100s>>›m   ›m›10 C›1032;836;168;124s3.›m   ›m›10 C›1572;836;116;116sA ›1808;824;760;128shard-on ›2700;820;752;128sdoesn't ›3588;824;524;116scount ›4248;840;200;96sas ›4584;792;872;168spersonal ›5592;784;736;164sgrowth.›m
>
Time=Sat Oct 30 10:45:18 1999
Raw text line is <›m›10 C›24;1060;92;96s>›m ›m›10 C›244;1060;96;96s>›m ›m›10 C›472;1056;200;96s>>›m   ›m›10 C›1032;1036;76;120s4›m    ›m›10 C›1584;1036;204;116sDo ›1928;1032;76;116sI ›2148;1020;424;128slook ›2704;1016;416;128slike ›3252;1052;92;88sa ›3480;1004;752;160sfucking ›4356;996;664;168speople ›5144;988;756;164sperson?›m
>
Time=Sat Oct 30 10:45:18 1999
Raw text line is <›m›10 C›24;1260;96;96s>›m ›m›10 C›248;1256;92;96s>›m ›m›10 C›472;1252;204;100s>>›m   ›m›10 C›1032;1232;168;124s5.›m   ›m›10 C›1576;1220;432;128sThis ›2152;1220;528;128sisn't ›2812;1252;204;92san ›3144;1208;720;132soffice. ›4036;1204;416;128sIt's ›4592;1196;428;128sHell ›5144;1188;432;128swith ›5712;1180;1196;128sfluorescent ›7048;1156;880;168slighting›m
>
Time=Sat Oct 30 10:45:18 1999
Raw text line is <›m›10 C›24;1456;92;96s>›m ›m›10 C›248;1452;92;96s>›m ›m›10 C›472;1452;204;92s>>›m   ›m›10 C›1040;1428;160;124s6.›m   ›m›10 C›1592;1420;200;124sIf ›1932;1428;76;116sI ›2140;1428;428;116swant ›2704;1424;204;116sto ›3036;1412;424;124shear ›3588;1408;304;124sthe ›4020;1400;1448;160spitter-patter ›5596;1380;204;128sof ›5936;1376;640;124slittle ›6712;1368;500;144sfeet, ›7392;1356;424;128sI'll›m
>
Time=Sat Oct 30 10:45:18 1999
Raw text line is <›m›10 C›24;1652;96;96s>›m ›m›10 C›248;1652;92;96s>›m ›m›10 C›472;1648;204;96s>>›m         ›m›10 C›1692;1632;320;144sput ›2156;1616;520;128sshoes ›2812;1644;204;92son ›3136;1640;220;124smy ›3484;1624;384;108scat.›m
>
Time=Sat Oct 30 10:45:18 1999
Raw text line is <›m›10 C›28;1852;88;96s>›m ›m›10 C›248;1848;92;96s>›m ›m›10 C›472;1844;200;100s>>›m   ›m›10 C›1032;1824;172;124s7.›m   ›m›10 C›1592;1812;316;132sDid ›2036;1816;312;124sthe ›2480;1808;640;128saliens ›3264;1804;632;156sforget ›4028;1808;204;116sto ›4372;1820;648;96sremove ›5152;1812;428;128syour ›5712;1772;424;128sanal ›6264;1768;644;160sprobe?›m
>
Time=Sat Oct 30 10:45:18 1999
Raw text line is <›m›10 C›28;2048;96;100s>›m ›m›10 C›252;2048;92;96s>›m ›m›10 C›476;2048;204;96s>>›m   ›m›10 C›1036;2024;168;124sB.›m   ›m›10 C›1588;2024;312;116sLet ›2028;2048;208;88sme ›2376;2012;424;124sshow ›2928;2040;312;124syou ›3372;2004;312;120show ›3808;1996;312;128sthe ›4252;1988;652;160sguards ›5044;1976;428;132sused ›5600;1988;208;112sto ›5936;1972;204;128sdo ›6280;1964;268;128sit.›m
>
Time=Sat Oct 30 10:45:18 1999
Raw text line is <›m›10 C›32;2248;92;96s>›m ›m›10 C›256;2248;92;92s>›m ›m›10 C›480;2244;200;92s>>›m   ›m›10 C›1044;2220;160;124s9.›m   ›m›10 C›1576;2212;336;124sAnd ›2040;2244;424;124syour ›2596;2204;760;156scrybaby ›3476;2184;1220;164swhiny-assed ›4824;2172;756;160sopinion ›5708;2164;552;128swould ›6380;2168;196;116sbe ›6624;2248;260;36s... ›6944;2160;76;120s?›m
>
Time=Sat Oct 30 10:45:18 1999
Raw text line is <›m›10 C›32;2448;92;96s>›m ›m›10 C›256;2444;92;96s>›m ›m›10 C›476;2440;204;96s>>›m   ›m›10 C›1040;2416;276;124s10.›m  ›m›10 C›1596;2420;768;116sSarcasm ›2488;2404;192;124sis ›2820;2400;420;160sjust ›3372;2428;308;92sone ›3800;2424;436;92smore ›4380;2376;756;136sservice ›5264;2408;204;88swe ›5604;2364;624;128soffer.›m
>
Time=Sat Oct 30 10:45:18 1999
Raw text line is <›m›10 C›28;2644;96;96s>›m ›m›10 C›256;2644;92;92s>›m ›m›10 C›476;2636;204;100s>>›m   ›m›10 C›1040;2616;276;124s11.›m  ›m›10 C›1584;2608;884;124sWhatever ›2604;2600;420;124skind ›3152;2592;200;128sof ›3488;2588;416;128slook ›4032;2620;320;124syou ›4476;2608;440;96swere ›5048;2568;540;164sgoing ›5724;2564;384;144sfor, ›6276;2592;304;124syou ›6696;2548;752;128smissed.›m
>
Time=Sat Oct 30 10:45:18 1999
Raw text line is <›m›10 C›32;2840;92;96s>›m ›m›10 C›256;2840;92;96s>›m ›m›10 C›480;2836;200;96s>>›m   ›m›10 C›1040;2812;280;128s12.›m  ›m›10 C›1596;2816;204;116sDo ›1932;2804;432;156sthey ›2484;2832;428;92sever ›3048;2792;412;128sshut ›3596;2824;200;124sup ›3924;2820;204;92son ›4260;2812;432;128syour ›4820;2772;760;160splanet?›m
>
Time=Sat Oct 30 10:45:18 1999
Raw text line is <›m›10 C›32;3040;92;96s>›m ›m›10 C›256;3040;88;92s>›m ›m›10 C›480;3036;200;92s>>›m   ›m›10 C›1044;3008;276;128s13.›m  ›m›10 C›1600;3004;324;124sI'm ›2044;2996;648;160strying ›2820;3004;204;116sto ›3156;2984;748;160simagine ›4040;3016;316;124syou ›4480;2972;440;128swith ›5048;3004;88;92sa ›5260;2952;1296;172spersonality.›m
>
Time=Sat Oct 30 10:45:18 1999
Raw text line is <›m›10 C›36;3240;92;96s>›m ›m›10 C›256;3240;92;92s>›m ›m›10 C›480;3232;204;100s>>›m   ›m›10 C›1044;3208;276;124s14.›m  ›m›10 C›1600;3212;80;112sI ›1820;3196;536;132scan't ›2496;3192;860;128sremember ›3492;3184;192;124sif ›3824;3180;316;124sI'm ›4264;3180;312;128sthe ›4712;3168;432;164sgood ›5268;3164;428;128stwin ›5828;3192;204;92sor ›6164;3156;312;124sthe ›6604;3144;420;132sevil ›7160;3176;400;92sone.›m
>
Time=Sat Oct 30 10:45:18 1999
Raw text line is <›m›10 C›32;3436;96;96s>›m ›m›10 C›256;3436;96;92s>›m ›m›10 C›480;3428;204;100s>>›m   ›m›10 C›1048;3404;272;124s15.›m  ›m›10 C›1592;3408;324;116sHow ›2032;3428;448;124smany ›2600;3388;528;128stimes ›3264;3384;204;128sdo ›3604;3388;76;116sI ›3816;3380;424;124shave ›4376;3384;204;116sto ›4716;3364;536;128sflush ›5376;3356;652;132sbefore ›6164;3384;316;124syou ›6604;3380;204;124sgo ›6940;3340;532;156saway?›m
>
Time=Sat Oct 30 10:45:18 1999
Raw text line is <›m›10 C›40;3636;92;96s>›m ›m›10 C›264;3636;92;92s>›m ›m›10 C›484;3632;204;96s>>›m   ›m›10 C›1048;3604;276;124s16.›m  ›m›10 C›1596;3608;316;116sYou ›2052;3628;316;124ssay ›2500;3592;316;124sI'm ›2932;3624;92;92sa ›3148;3584;540;128sbitch ›3820;3576;420;128slike ›4380;3572;416;128sit's ›4936;3600;92;92sa ›5152;3560;328;128sbad ›5608;3552;620;160sthing.›m
>
Time=Sat Oct 30 10:45:18 1999
Raw text line is <›m›10 C›40;3832;92;96s>›m ›m›10 C›264;3832;92;92s>›m ›m›10 C›488;3828;200;92s>>›m   ›m›10 C›1048;3800;272;128s17.›m  ›m›10 C›1596;3804;320;116sCan ›2052;3800;80;116sI ›2272;3788;532;128strade ›2936;3780;416;128sthis ›3492;3776;308;160sjob ›3932;3772;312;128sfor ›4368;3764;656;128swhat's ›5152;3752;664;132sbehind ›5940;3748;432;128sdoor ›6504;3740;296;132s#2?›m
>
Time=Sat Oct 30 10:45:18 1999
Raw text line is <›m›10 C›40;4032;92;96s>›m ›m›10 C›264;4032;92;92s>›m ›m›10 C›484;4028;204;96s>>›m   ›m›10 C›1052;4000;272;128s18.›m  ›m›10 C›1596;3996;428;124sNice ›2152;3988;844;164sperfume. ›3148;3988;428;120sMust ›3708;4008;312;124syou ›4140;3968;888;132smarinate ›5168;3956;196;128sin ›5504;3952;304;128sit?›m
>
Time=Sat Oct 30 10:45:18 1999
Raw text line is <›m›10 C›40;4228;92;96s>›m ›m›10 C›260;4224;96;96s>›m ›m›10 C›484;4224;204;96s>>›m   ›m›10 C›1052;4196;276;128s19.›m  ›m›10 C›1600;4200;316;120sYou ›2052;4188;420;128slook ›2608;4180;416;128slike ›3164;4176;496;128sshit. ›3828;4176;188;120sIs ›4156;4168;424;124sthat ›4716;4160;312;124sthe ›5168;4152;532;160sstyle ›5832;4148;424;124snow?›m
>
Time=Sat Oct 30 10:45:18 1999
Raw text line is <›m›10 C›44;4428;92;96s>›m ›m›10 C›268;4428;88;92s>›m ›m›10 C›488;4424;204;96s>>›m   ›m›10 C›1048;4396;280;128s20.›m  ›m›10 C›1588;4400;292;140sAw, ›2048;4388;320;128sdid ›2500;4392;80;116sI ›2724;4392;416;144sstep ›3268;4412;208;92son ›3604;4404;420;128syour ›4152;4400;432;128spoor ›4720;4356;644;128slittle ›5492;4348;552;156sbitty ›6168;4344;416;160sego?›m
>
Time=Sat Oct 30 10:45:18 1999
Raw text line is <
>
Time=Sat Oct 30 10:45:18 1999
Raw text line is <›m›11 C›24;32;412;144sPage›m
>
Time=Sat Oct 30 10:45:18 1999
OCR of doc successful, returning 0 at Sat Oct 30 10:45:18 1999
